2026-01-27 18:26:40,611 - INFO -  * Detected change in 'd:\\Sagar_OneDrive\\OneDrive - Cybernetik Technologies Pvt Ltd\\cybernetik\\UAPR119_\\onsite\\adore\\software\\app.py', reloading
2026-01-27 18:26:40,661 - INFO -  * Restarting with stat
2026-01-27 18:26:41,000 - INFO - ===== BTS Monitoring System Started =====
2026-01-27 18:26:41,002 - INFO - Starting Flask SocketIO Server on port 5001...
2026-01-27 18:26:41,005 - WARNING -  * Debugger is active!
2026-01-27 18:26:41,010 - INFO -  * Debugger PIN: 672-291-797
2026-01-27 18:26:42,035 - INFO -  * Detected change in 'd:\\Sagar_OneDrive\\OneDrive - Cybernetik Technologies Pvt Ltd\\cybernetik\\UAPR119_\\onsite\\adore\\software\\app.py', reloading
2026-01-27 18:26:42,077 - INFO -  * Restarting with stat
2026-01-27 18:26:42,423 - INFO - ===== BTS Monitoring System Started =====
2026-01-27 18:26:42,425 - INFO - Starting Flask SocketIO Server on port 5001...
2026-01-27 18:26:42,428 - WARNING -  * Debugger is active!
2026-01-27 18:26:42,434 - INFO -  * Debugger PIN: 672-291-797
2026-01-27 18:26:43,460 - INFO -  * Detected change in 'd:\\Sagar_OneDrive\\OneDrive - Cybernetik Technologies Pvt Ltd\\cybernetik\\UAPR119_\\onsite\\adore\\software\\app.py', reloading
2026-01-27 18:26:43,504 - INFO -  * Restarting with stat
2026-01-27 18:26:43,836 - INFO - ===== BTS Monitoring System Started =====
2026-01-27 18:26:43,837 - INFO - Starting Flask SocketIO Server on port 5001...
2026-01-27 18:26:43,840 - WARNING -  * Debugger is active!
2026-01-27 18:26:43,845 - INFO -  * Debugger PIN: 672-291-797
2026-01-27 18:26:48,902 - INFO -  * Detected change in 'd:\\Sagar_OneDrive\\OneDrive - Cybernetik Technologies Pvt Ltd\\cybernetik\\UAPR119_\\onsite\\adore\\software\\app.py', reloading
2026-01-27 18:26:48,941 - INFO -  * Restarting with stat
2026-01-27 18:26:49,318 - INFO - ===== BTS Monitoring System Started =====
2026-01-27 18:26:49,319 - INFO - Starting Flask SocketIO Server on port 5001...
2026-01-27 18:26:49,322 - WARNING -  * Debugger is active!
2026-01-27 18:26:49,327 - INFO -  * Debugger PIN: 672-291-797
2026-01-27 18:26:51,670 - INFO - ===== BTS Monitoring System Started =====
2026-01-27 18:26:51,672 - INFO - Starting Flask SocketIO Server on port 5001...
2026-01-27 18:26:51,684 - INFO - [31m[1mWARNING: This is a development server. Do not use it in a production deployment. Use a production WSGI server instead.[0m
 * Running on all addresses (0.0.0.0)
 * Running on http://127.0.0.1:5001
 * Running on http://192.168.3.40:5001
2026-01-27 18:26:51,684 - INFO - [33mPress CTRL+C to quit[0m
2026-01-27 18:26:51,684 - INFO -  * Restarting with stat
2026-01-27 18:26:52,039 - INFO - ===== BTS Monitoring System Started =====
2026-01-27 18:26:52,040 - INFO - Starting Flask SocketIO Server on port 5001...
2026-01-27 18:26:52,044 - WARNING -  * Debugger is active!
2026-01-27 18:26:52,048 - INFO -  * Debugger PIN: 672-291-797
